0 info it worked if it ends with ok
1 verbose cli [ '/usr/local/bin/node', '/usr/local/bin/npm', 'start' ]
2 info using npm@3.10.10
3 info using node@v6.9.5
4 verbose run-script [ 'prestart', 'start', 'poststart' ]
5 info lifecycle valyant-gatekeeper@0.0.27~prestart: valyant-gatekeeper@0.0.27
6 silly lifecycle valyant-gatekeeper@0.0.27~prestart: no script for prestart, continuing
7 info lifecycle valyant-gatekeeper@0.0.27~start: valyant-gatekeeper@0.0.27
8 verbose lifecycle valyant-gatekeeper@0.0.27~start: unsafe-perm in lifecycle true
9 verbose lifecycle valyant-gatekeeper@0.0.27~start: PATH: /usr/local/lib/node_modules/npm/bin/node-gyp-bin:/Users/petergustafson/gatekeeper/node_modules/.bin:/Users/petergustafson/miniconda2/bin:/Users/petergustafson/google-cloud-sdk/bin:/Users/petergustafson/Library/Python/2.7/bin:/usr/local/bin:/usr/bin:/bin:/usr/sbin:/sbin:/Library/Frameworks/Mono.framework/Versions/Current/Commands:/usr/local/git/bin
10 verbose lifecycle valyant-gatekeeper@0.0.27~start: CWD: /Users/petergustafson/gatekeeper
11 silly lifecycle valyant-gatekeeper@0.0.27~start: Args: [ '-c', 'node ./bin/www' ]
12 silly lifecycle valyant-gatekeeper@0.0.27~start: Returned: code: 1  signal: null
13 info lifecycle valyant-gatekeeper@0.0.27~start: Failed to exec start script
14 verbose stack Error: valyant-gatekeeper@0.0.27 start: `node ./bin/www`
14 verbose stack Exit status 1
14 verbose stack     at EventEmitter.<anonymous> (/usr/local/lib/node_modules/npm/lib/utils/lifecycle.js:255:16)
14 verbose stack     at emitTwo (events.js:106:13)
14 verbose stack     at EventEmitter.emit (events.js:191:7)
14 verbose stack     at ChildProcess.<anonymous> (/usr/local/lib/node_modules/npm/lib/utils/spawn.js:40:14)
14 verbose stack     at emitTwo (events.js:106:13)
14 verbose stack     at ChildProcess.emit (events.js:191:7)
14 verbose stack     at maybeClose (internal/child_process.js:877:16)
14 verbose stack     at Process.ChildProcess._handle.onexit (internal/child_process.js:226:5)
15 verbose pkgid valyant-gatekeeper@0.0.27
16 verbose cwd /Users/petergustafson/gatekeeper
17 error Darwin 17.2.0
18 error argv "/usr/local/bin/node" "/usr/local/bin/npm" "start"
19 error node v6.9.5
20 error npm  v3.10.10
21 error code ELIFECYCLE
22 error valyant-gatekeeper@0.0.27 start: `node ./bin/www`
22 error Exit status 1
23 error Failed at the valyant-gatekeeper@0.0.27 start script 'node ./bin/www'.
23 error Make sure you have the latest version of node.js and npm installed.
23 error If you do, this is most likely a problem with the valyant-gatekeeper package,
23 error not with npm itself.
23 error Tell the author that this fails on your system:
23 error     node ./bin/www
23 error You can get information on how to open an issue for this project with:
23 error     npm bugs valyant-gatekeeper
23 error Or if that isn't available, you can get their info via:
23 error     npm owner ls valyant-gatekeeper
23 error There is likely additional logging output above.
24 verbose exit [ 1, true ]
